[2025-09-08 22:52:24] local.INFO: Login: gabikochem55@gmail.com, senha: Lego.0912@  
[2025-09-08 22:52:24] local.INFO: As senhas não são iguais  
[2025-09-08 22:52:58] local.INFO: Login: gabikochem55@gmail.com, senha: Lego.0912  
[2025-09-08 22:52:58] local.INFO: As senhas são iguais  
[2025-09-08 22:52:59] local.INFO: 1  
[2025-09-08 23:02:48] local.INFO: Login: gabikochem55@gmail.com, senha: Lego.0912@  
[2025-09-08 23:02:49] local.INFO: As senhas não são iguais  
[2025-09-08 23:02:53] local.INFO: Login: gabikochem55@gmail.com, senha: Lego.0912  
[2025-09-08 23:02:53] local.INFO: As senhas são iguais  
[2025-09-08 23:02:53] local.INFO: 1  
[2025-09-08 23:06:50] local.INFO: Login: gabikochem55@gmail.com, senha: Lego.0912  
[2025-09-08 23:06:51] local.INFO: As senhas são iguais  
[2025-09-08 23:06:51] local.INFO: 1  
[2025-09-09 15:49:56] local.INFO: {"owner_code":1,"name":"Gabriel","email":"gabikochem55@gmail.com","phone":null,"updated_at":"2025-09-09T15:49:56.000000Z","created_at":"2025-09-09T15:49:56.000000Z","id":1}  
[2025-09-09 15:51:39] local.INFO: array (
  'companyName' => 'SGBR SISTEMAS LTDA',
  'tradeName' => 'SGBR SISTEMAS LTDA',
  'cnpjCpf' => '17.089.484/0001-90',
)  
[2025-09-09 15:51:39] local.INFO: 1  
[2025-09-09 15:51:39] local.INFO: {"id":1,"owner_code":1,"name":"Gabriel","email":"gabikochem55@gmail.com","phone":null,"company_name":"SGBR SISTEMAS LTDA","trade_name":"SGBR SISTEMAS LTDA","cnpj_cpf":"17089484000190","cep":null,"uf":null,"address":null,"complement":null,"neighborhood":null,"municipality":null,"number":null,"active":1,"completed":1,"created_at":"2025-09-09T15:49:56.000000Z","updated_at":"2025-09-09T15:51:39.000000Z"}  
[2025-09-09 15:51:39] local.INFO: {"id":1,"owner_code":1,"name":"Gabriel","email":"gabikochem55@gmail.com","phone":null,"company_name":"SGBR SISTEMAS LTDA","trade_name":"SGBR SISTEMAS LTDA","cnpj_cpf":"17089484000190","cep":null,"uf":null,"address":null,"complement":null,"neighborhood":null,"municipality":null,"number":null,"active":1,"completed":1,"created_at":"2025-09-09T15:49:56.000000Z","updated_at":"2025-09-09T15:51:39.000000Z"}  
[2025-09-09 15:51:43] local.ERROR: Target class [App\Http\Controllers\Site\SiteController] does not exist. {"exception":"[object] (Illuminate\\Contracts\\Container\\BindingResolutionException(code: 0): Target class [App\\Http\\Controllers\\Site\\SiteController] does not exist. at C:\\Gabriel\\Projetos\\Agendamentos\\Admin\\ApiSGAgenda\\vendor\\laravel\\framework\\src\\Illuminate\\Container\\Container.php:1163)
[stacktrace]
#0 C:\\Gabriel\\Projetos\\Agendamentos\\Admin\\ApiSGAgenda\\vendor\\laravel\\framework\\src\\Illuminate\\Container\\Container.php(972): Illuminate\\Container\\Container->build()
#1 C:\\Gabriel\\Projetos\\Agendamentos\\Admin\\ApiSGAgenda\\vendor\\laravel\\framework\\src\\Illuminate\\Foundation\\Application.php(1078): Illuminate\\Container\\Container->resolve()
#2 C:\\Gabriel\\Projetos\\Agendamentos\\Admin\\ApiSGAgenda\\vendor\\laravel\\framework\\src\\Illuminate\\Container\\Container.php(903): Illuminate\\Foundation\\Application->resolve()
#3 C:\\Gabriel\\Projetos\\Agendamentos\\Admin\\ApiSGAgenda\\vendor\\laravel\\framework\\src\\Illuminate\\Foundation\\Application.php(1058): Illuminate\\Container\\Container->make()
#4 C:\\Gabriel\\Projetos\\Agendamentos\\Admin\\ApiSGAgenda\\vendor\\laravel\\framework\\src\\Illuminate\\Routing\\Route.php(286): Illuminate\\Foundation\\Application->make()
#5 C:\\Gabriel\\Projetos\\Agendamentos\\Admin\\ApiSGAgenda\\vendor\\laravel\\framework\\src\\Illuminate\\Routing\\Route.php(266): Illuminate\\Routing\\Route->getController()
#6 C:\\Gabriel\\Projetos\\Agendamentos\\Admin\\ApiSGAgenda\\vendor\\laravel\\framework\\src\\Illuminate\\Routing\\Route.php(211): Illuminate\\Routing\\Route->runController()
#7 C:\\Gabriel\\Projetos\\Agendamentos\\Admin\\ApiSGAgenda\\vendor\\laravel\\framework\\src\\Illuminate\\Routing\\Router.php(822): Illuminate\\Routing\\Route->run()
#8 C:\\Gabriel\\Projetos\\Agendamentos\\Admin\\ApiSGAgenda\\vendor\\laravel\\framework\\src\\Illuminate\\Pipeline\\Pipeline.php(180): Illuminate\\Routing\\Router->Illuminate\\Routing\\{closure}()
#9 C:\\Gabriel\\Projetos\\Agendamentos\\Admin\\ApiSGAgenda\\vendor\\laravel\\framework\\src\\Illuminate\\Routing\\Middleware\\SubstituteBindings.php(50): Illuminate\\Pipeline\\Pipeline->Illuminate\\Pipeline\\{closure}()
#10 C:\\Gabriel\\Projetos\\Agendamentos\\Admin\\ApiSGAgenda\\vendor\\laravel\\framework\\src\\Illuminate\\Pipeline\\Pipeline.php(219): Illuminate\\Routing\\Middleware\\SubstituteBindings->handle()
#11 C:\\Gabriel\\Projetos\\Agendamentos\\Admin\\ApiSGAgenda\\vendor\\laravel\\framework\\src\\Illuminate\\Pipeline\\Pipeline.php(137): Illuminate\\Pipeline\\Pipeline->Illuminate\\Pipeline\\{closure}()
#12 C:\\Gabriel\\Projetos\\Agendamentos\\Admin\\ApiSGAgenda\\vendor\\laravel\\framework\\src\\Illuminate\\Routing\\Router.php(821): Illuminate\\Pipeline\\Pipeline->then()
#13 C:\\Gabriel\\Projetos\\Agendamentos\\Admin\\ApiSGAgenda\\vendor\\laravel\\framework\\src\\Illuminate\\Routing\\Router.php(800): Illuminate\\Routing\\Router->runRouteWithinStack()
#14 C:\\Gabriel\\Projetos\\Agendamentos\\Admin\\ApiSGAgenda\\vendor\\laravel\\framework\\src\\Illuminate\\Routing\\Router.php(764): Illuminate\\Routing\\Router->runRoute()
#15 C:\\Gabriel\\Projetos\\Agendamentos\\Admin\\ApiSGAgenda\\vendor\\laravel\\framework\\src\\Illuminate\\Routing\\Router.php(753): Illuminate\\Routing\\Router->dispatchToRoute()
#16 C:\\Gabriel\\Projetos\\Agendamentos\\Admin\\ApiSGAgenda\\vendor\\laravel\\framework\\src\\Illuminate\\Foundation\\Http\\Kernel.php(200): Illuminate\\Routing\\Router->dispatch()
#17 C:\\Gabriel\\Projetos\\Agendamentos\\Admin\\ApiSGAgenda\\vendor\\laravel\\framework\\src\\Illuminate\\Pipeline\\Pipeline.php(180): Illuminate\\Foundation\\Http\\Kernel->Illuminate\\Foundation\\Http\\{closure}()
#18 C:\\Gabriel\\Projetos\\Agendamentos\\Admin\\ApiSGAgenda\\vendor\\laravel\\framework\\src\\Illuminate\\Foundation\\Http\\Middleware\\TransformsRequest.php(21): Illuminate\\Pipeline\\Pipeline->Illuminate\\Pipeline\\{closure}()
#19 C:\\Gabriel\\Projetos\\Agendamentos\\Admin\\ApiSGAgenda\\vendor\\laravel\\framework\\src\\Illuminate\\Foundation\\Http\\Middleware\\ConvertEmptyStringsToNull.php(31): Illuminate\\Foundation\\Http\\Middleware\\TransformsRequest->handle()
#20 C:\\Gabriel\\Projetos\\Agendamentos\\Admin\\ApiSGAgenda\\vendor\\laravel\\framework\\src\\Illuminate\\Pipeline\\Pipeline.php(219): Illuminate\\Foundation\\Http\\Middleware\\ConvertEmptyStringsToNull->handle()
#21 C:\\Gabriel\\Projetos\\Agendamentos\\Admin\\ApiSGAgenda\\vendor\\laravel\\framework\\src\\Illuminate\\Foundation\\Http\\Middleware\\TransformsRequest.php(21): Illuminate\\Pipeline\\Pipeline->Illuminate\\Pipeline\\{closure}()
#22 C:\\Gabriel\\Projetos\\Agendamentos\\Admin\\ApiSGAgenda\\vendor\\laravel\\framework\\src\\Illuminate\\Foundation\\Http\\Middleware\\TrimStrings.php(51): Illuminate\\Foundation\\Http\\Middleware\\TransformsRequest->handle()
#23 C:\\Gabriel\\Projetos\\Agendamentos\\Admin\\ApiSGAgenda\\vendor\\laravel\\framework\\src\\Illuminate\\Pipeline\\Pipeline.php(219): Illuminate\\Foundation\\Http\\Middleware\\TrimStrings->handle()
#24 C:\\Gabriel\\Projetos\\Agendamentos\\Admin\\ApiSGAgenda\\vendor\\laravel\\framework\\src\\Illuminate\\Http\\Middleware\\ValidatePostSize.php(27): Illuminate\\Pipeline\\Pipeline->Illuminate\\Pipeline\\{closure}()
#25 C:\\Gabriel\\Projetos\\Agendamentos\\Admin\\ApiSGAgenda\\vendor\\laravel\\framework\\src\\Illuminate\\Pipeline\\Pipeline.php(219): Illuminate\\Http\\Middleware\\ValidatePostSize->handle()
#26 C:\\Gabriel\\Projetos\\Agendamentos\\Admin\\ApiSGAgenda\\vendor\\laravel\\framework\\src\\Illuminate\\Foundation\\Http\\Middleware\\PreventRequestsDuringMaintenance.php(109): Illuminate\\Pipeline\\Pipeline->Illuminate\\Pipeline\\{closure}()
#27 C:\\Gabriel\\Projetos\\Agendamentos\\Admin\\ApiSGAgenda\\vendor\\laravel\\framework\\src\\Illuminate\\Pipeline\\Pipeline.php(219): Illuminate\\Foundation\\Http\\Middleware\\PreventRequestsDuringMaintenance->handle()
#28 C:\\Gabriel\\Projetos\\Agendamentos\\Admin\\ApiSGAgenda\\vendor\\laravel\\framework\\src\\Illuminate\\Http\\Middleware\\HandleCors.php(61): Illuminate\\Pipeline\\Pipeline->Illuminate\\Pipeline\\{closure}()
#29 C:\\Gabriel\\Projetos\\Agendamentos\\Admin\\ApiSGAgenda\\vendor\\laravel\\framework\\src\\Illuminate\\Pipeline\\Pipeline.php(219): Illuminate\\Http\\Middleware\\HandleCors->handle()
#30 C:\\Gabriel\\Projetos\\Agendamentos\\Admin\\ApiSGAgenda\\vendor\\laravel\\framework\\src\\Illuminate\\Http\\Middleware\\TrustProxies.php(58): Illuminate\\Pipeline\\Pipeline->Illuminate\\Pipeline\\{closure}()
#31 C:\\Gabriel\\Projetos\\Agendamentos\\Admin\\ApiSGAgenda\\vendor\\laravel\\framework\\src\\Illuminate\\Pipeline\\Pipeline.php(219): Illuminate\\Http\\Middleware\\TrustProxies->handle()
#32 C:\\Gabriel\\Projetos\\Agendamentos\\Admin\\ApiSGAgenda\\vendor\\laravel\\framework\\src\\Illuminate\\Foundation\\Http\\Middleware\\InvokeDeferredCallbacks.php(22): Illuminate\\Pipeline\\Pipeline->Illuminate\\Pipeline\\{closure}()
#33 C:\\Gabriel\\Projetos\\Agendamentos\\Admin\\ApiSGAgenda\\vendor\\laravel\\framework\\src\\Illuminate\\Pipeline\\Pipeline.php(219): Illuminate\\Foundation\\Http\\Middleware\\InvokeDeferredCallbacks->handle()
#34 C:\\Gabriel\\Projetos\\Agendamentos\\Admin\\ApiSGAgenda\\vendor\\laravel\\framework\\src\\Illuminate\\Http\\Middleware\\ValidatePathEncoding.php(26): Illuminate\\Pipeline\\Pipeline->Illuminate\\Pipeline\\{closure}()
#35 C:\\Gabriel\\Projetos\\Agendamentos\\Admin\\ApiSGAgenda\\vendor\\laravel\\framework\\src\\Illuminate\\Pipeline\\Pipeline.php(219): Illuminate\\Http\\Middleware\\ValidatePathEncoding->handle()
#36 C:\\Gabriel\\Projetos\\Agendamentos\\Admin\\ApiSGAgenda\\vendor\\laravel\\framework\\src\\Illuminate\\Pipeline\\Pipeline.php(137): Illuminate\\Pipeline\\Pipeline->Illuminate\\Pipeline\\{closure}()
#37 C:\\Gabriel\\Projetos\\Agendamentos\\Admin\\ApiSGAgenda\\vendor\\laravel\\framework\\src\\Illuminate\\Foundation\\Http\\Kernel.php(175): Illuminate\\Pipeline\\Pipeline->then()
#38 C:\\Gabriel\\Projetos\\Agendamentos\\Admin\\ApiSGAgenda\\vendor\\laravel\\framework\\src\\Illuminate\\Foundation\\Http\\Kernel.php(144): Illuminate\\Foundation\\Http\\Kernel->sendRequestThroughRouter()
#39 C:\\Gabriel\\Projetos\\Agendamentos\\Admin\\ApiSGAgenda\\vendor\\laravel\\framework\\src\\Illuminate\\Foundation\\Application.php(1220): Illuminate\\Foundation\\Http\\Kernel->handle()
#40 C:\\Gabriel\\Projetos\\Agendamentos\\Admin\\ApiSGAgenda\\public\\index.php(20): Illuminate\\Foundation\\Application->handleRequest()
#41 C:\\Gabriel\\Projetos\\Agendamentos\\Admin\\ApiSGAgenda\\vendor\\laravel\\framework\\src\\Illuminate\\Foundation\\resources\\server.php(23): require_once('...')
#42 {main}

[previous exception] [object] (ReflectionException(code: -1): Class \"App\\Http\\Controllers\\Site\\SiteController\" does not exist at C:\\Gabriel\\Projetos\\Agendamentos\\Admin\\ApiSGAgenda\\vendor\\laravel\\framework\\src\\Illuminate\\Container\\Container.php:1161)
[stacktrace]
#0 C:\\Gabriel\\Projetos\\Agendamentos\\Admin\\ApiSGAgenda\\vendor\\laravel\\framework\\src\\Illuminate\\Container\\Container.php(1161): ReflectionClass->__construct()
#1 C:\\Gabriel\\Projetos\\Agendamentos\\Admin\\ApiSGAgenda\\vendor\\laravel\\framework\\src\\Illuminate\\Container\\Container.php(972): Illuminate\\Container\\Container->build()
#2 C:\\Gabriel\\Projetos\\Agendamentos\\Admin\\ApiSGAgenda\\vendor\\laravel\\framework\\src\\Illuminate\\Foundation\\Application.php(1078): Illuminate\\Container\\Container->resolve()
#3 C:\\Gabriel\\Projetos\\Agendamentos\\Admin\\ApiSGAgenda\\vendor\\laravel\\framework\\src\\Illuminate\\Container\\Container.php(903): Illuminate\\Foundation\\Application->resolve()
#4 C:\\Gabriel\\Projetos\\Agendamentos\\Admin\\ApiSGAgenda\\vendor\\laravel\\framework\\src\\Illuminate\\Foundation\\Application.php(1058): Illuminate\\Container\\Container->make()
#5 C:\\Gabriel\\Projetos\\Agendamentos\\Admin\\ApiSGAgenda\\vendor\\laravel\\framework\\src\\Illuminate\\Routing\\Route.php(286): Illuminate\\Foundation\\Application->make()
#6 C:\\Gabriel\\Projetos\\Agendamentos\\Admin\\ApiSGAgenda\\vendor\\laravel\\framework\\src\\Illuminate\\Routing\\Route.php(266): Illuminate\\Routing\\Route->getController()
#7 C:\\Gabriel\\Projetos\\Agendamentos\\Admin\\ApiSGAgenda\\vendor\\laravel\\framework\\src\\Illuminate\\Routing\\Route.php(211): Illuminate\\Routing\\Route->runController()
#8 C:\\Gabriel\\Projetos\\Agendamentos\\Admin\\ApiSGAgenda\\vendor\\laravel\\framework\\src\\Illuminate\\Routing\\Router.php(822): Illuminate\\Routing\\Route->run()
#9 C:\\Gabriel\\Projetos\\Agendamentos\\Admin\\ApiSGAgenda\\vendor\\laravel\\framework\\src\\Illuminate\\Pipeline\\Pipeline.php(180): Illuminate\\Routing\\Router->Illuminate\\Routing\\{closure}()
#10 C:\\Gabriel\\Projetos\\Agendamentos\\Admin\\ApiSGAgenda\\vendor\\laravel\\framework\\src\\Illuminate\\Routing\\Middleware\\SubstituteBindings.php(50): Illuminate\\Pipeline\\Pipeline->Illuminate\\Pipeline\\{closure}()
#11 C:\\Gabriel\\Projetos\\Agendamentos\\Admin\\ApiSGAgenda\\vendor\\laravel\\framework\\src\\Illuminate\\Pipeline\\Pipeline.php(219): Illuminate\\Routing\\Middleware\\SubstituteBindings->handle()
#12 C:\\Gabriel\\Projetos\\Agendamentos\\Admin\\ApiSGAgenda\\vendor\\laravel\\framework\\src\\Illuminate\\Pipeline\\Pipeline.php(137): Illuminate\\Pipeline\\Pipeline->Illuminate\\Pipeline\\{closure}()
#13 C:\\Gabriel\\Projetos\\Agendamentos\\Admin\\ApiSGAgenda\\vendor\\laravel\\framework\\src\\Illuminate\\Routing\\Router.php(821): Illuminate\\Pipeline\\Pipeline->then()
#14 C:\\Gabriel\\Projetos\\Agendamentos\\Admin\\ApiSGAgenda\\vendor\\laravel\\framework\\src\\Illuminate\\Routing\\Router.php(800): Illuminate\\Routing\\Router->runRouteWithinStack()
#15 C:\\Gabriel\\Projetos\\Agendamentos\\Admin\\ApiSGAgenda\\vendor\\laravel\\framework\\src\\Illuminate\\Routing\\Router.php(764): Illuminate\\Routing\\Router->runRoute()
#16 C:\\Gabriel\\Projetos\\Agendamentos\\Admin\\ApiSGAgenda\\vendor\\laravel\\framework\\src\\Illuminate\\Routing\\Router.php(753): Illuminate\\Routing\\Router->dispatchToRoute()
#17 C:\\Gabriel\\Projetos\\Agendamentos\\Admin\\ApiSGAgenda\\vendor\\laravel\\framework\\src\\Illuminate\\Foundation\\Http\\Kernel.php(200): Illuminate\\Routing\\Router->dispatch()
#18 C:\\Gabriel\\Projetos\\Agendamentos\\Admin\\ApiSGAgenda\\vendor\\laravel\\framework\\src\\Illuminate\\Pipeline\\Pipeline.php(180): Illuminate\\Foundation\\Http\\Kernel->Illuminate\\Foundation\\Http\\{closure}()
#19 C:\\Gabriel\\Projetos\\Agendamentos\\Admin\\ApiSGAgenda\\vendor\\laravel\\framework\\src\\Illuminate\\Foundation\\Http\\Middleware\\TransformsRequest.php(21): Illuminate\\Pipeline\\Pipeline->Illuminate\\Pipeline\\{closure}()
#20 C:\\Gabriel\\Projetos\\Agendamentos\\Admin\\ApiSGAgenda\\vendor\\laravel\\framework\\src\\Illuminate\\Foundation\\Http\\Middleware\\ConvertEmptyStringsToNull.php(31): Illuminate\\Foundation\\Http\\Middleware\\TransformsRequest->handle()
#21 C:\\Gabriel\\Projetos\\Agendamentos\\Admin\\ApiSGAgenda\\vendor\\laravel\\framework\\src\\Illuminate\\Pipeline\\Pipeline.php(219): Illuminate\\Foundation\\Http\\Middleware\\ConvertEmptyStringsToNull->handle()
#22 C:\\Gabriel\\Projetos\\Agendamentos\\Admin\\ApiSGAgenda\\vendor\\laravel\\framework\\src\\Illuminate\\Foundation\\Http\\Middleware\\TransformsRequest.php(21): Illuminate\\Pipeline\\Pipeline->Illuminate\\Pipeline\\{closure}()
#23 C:\\Gabriel\\Projetos\\Agendamentos\\Admin\\ApiSGAgenda\\vendor\\laravel\\framework\\src\\Illuminate\\Foundation\\Http\\Middleware\\TrimStrings.php(51): Illuminate\\Foundation\\Http\\Middleware\\TransformsRequest->handle()
#24 C:\\Gabriel\\Projetos\\Agendamentos\\Admin\\ApiSGAgenda\\vendor\\laravel\\framework\\src\\Illuminate\\Pipeline\\Pipeline.php(219): Illuminate\\Foundation\\Http\\Middleware\\TrimStrings->handle()
#25 C:\\Gabriel\\Projetos\\Agendamentos\\Admin\\ApiSGAgenda\\vendor\\laravel\\framework\\src\\Illuminate\\Http\\Middleware\\ValidatePostSize.php(27): Illuminate\\Pipeline\\Pipeline->Illuminate\\Pipeline\\{closure}()
#26 C:\\Gabriel\\Projetos\\Agendamentos\\Admin\\ApiSGAgenda\\vendor\\laravel\\framework\\src\\Illuminate\\Pipeline\\Pipeline.php(219): Illuminate\\Http\\Middleware\\ValidatePostSize->handle()
#27 C:\\Gabriel\\Projetos\\Agendamentos\\Admin\\ApiSGAgenda\\vendor\\laravel\\framework\\src\\Illuminate\\Foundation\\Http\\Middleware\\PreventRequestsDuringMaintenance.php(109): Illuminate\\Pipeline\\Pipeline->Illuminate\\Pipeline\\{closure}()
#28 C:\\Gabriel\\Projetos\\Agendamentos\\Admin\\ApiSGAgenda\\vendor\\laravel\\framework\\src\\Illuminate\\Pipeline\\Pipeline.php(219): Illuminate\\Foundation\\Http\\Middleware\\PreventRequestsDuringMaintenance->handle()
#29 C:\\Gabriel\\Projetos\\Agendamentos\\Admin\\ApiSGAgenda\\vendor\\laravel\\framework\\src\\Illuminate\\Http\\Middleware\\HandleCors.php(61): Illuminate\\Pipeline\\Pipeline->Illuminate\\Pipeline\\{closure}()
#30 C:\\Gabriel\\Projetos\\Agendamentos\\Admin\\ApiSGAgenda\\vendor\\laravel\\framework\\src\\Illuminate\\Pipeline\\Pipeline.php(219): Illuminate\\Http\\Middleware\\HandleCors->handle()
#31 C:\\Gabriel\\Projetos\\Agendamentos\\Admin\\ApiSGAgenda\\vendor\\laravel\\framework\\src\\Illuminate\\Http\\Middleware\\TrustProxies.php(58): Illuminate\\Pipeline\\Pipeline->Illuminate\\Pipeline\\{closure}()
#32 C:\\Gabriel\\Projetos\\Agendamentos\\Admin\\ApiSGAgenda\\vendor\\laravel\\framework\\src\\Illuminate\\Pipeline\\Pipeline.php(219): Illuminate\\Http\\Middleware\\TrustProxies->handle()
#33 C:\\Gabriel\\Projetos\\Agendamentos\\Admin\\ApiSGAgenda\\vendor\\laravel\\framework\\src\\Illuminate\\Foundation\\Http\\Middleware\\InvokeDeferredCallbacks.php(22): Illuminate\\Pipeline\\Pipeline->Illuminate\\Pipeline\\{closure}()
#34 C:\\Gabriel\\Projetos\\Agendamentos\\Admin\\ApiSGAgenda\\vendor\\laravel\\framework\\src\\Illuminate\\Pipeline\\Pipeline.php(219): Illuminate\\Foundation\\Http\\Middleware\\InvokeDeferredCallbacks->handle()
#35 C:\\Gabriel\\Projetos\\Agendamentos\\Admin\\ApiSGAgenda\\vendor\\laravel\\framework\\src\\Illuminate\\Http\\Middleware\\ValidatePathEncoding.php(26): Illuminate\\Pipeline\\Pipeline->Illuminate\\Pipeline\\{closure}()
#36 C:\\Gabriel\\Projetos\\Agendamentos\\Admin\\ApiSGAgenda\\vendor\\laravel\\framework\\src\\Illuminate\\Pipeline\\Pipeline.php(219): Illuminate\\Http\\Middleware\\ValidatePathEncoding->handle()
#37 C:\\Gabriel\\Projetos\\Agendamentos\\Admin\\ApiSGAgenda\\vendor\\laravel\\framework\\src\\Illuminate\\Pipeline\\Pipeline.php(137): Illuminate\\Pipeline\\Pipeline->Illuminate\\Pipeline\\{closure}()
#38 C:\\Gabriel\\Projetos\\Agendamentos\\Admin\\ApiSGAgenda\\vendor\\laravel\\framework\\src\\Illuminate\\Foundation\\Http\\Kernel.php(175): Illuminate\\Pipeline\\Pipeline->then()
#39 C:\\Gabriel\\Projetos\\Agendamentos\\Admin\\ApiSGAgenda\\vendor\\laravel\\framework\\src\\Illuminate\\Foundation\\Http\\Kernel.php(144): Illuminate\\Foundation\\Http\\Kernel->sendRequestThroughRouter()
#40 C:\\Gabriel\\Projetos\\Agendamentos\\Admin\\ApiSGAgenda\\vendor\\laravel\\framework\\src\\Illuminate\\Foundation\\Application.php(1220): Illuminate\\Foundation\\Http\\Kernel->handle()
#41 C:\\Gabriel\\Projetos\\Agendamentos\\Admin\\ApiSGAgenda\\public\\index.php(20): Illuminate\\Foundation\\Application->handleRequest()
#42 C:\\Gabriel\\Projetos\\Agendamentos\\Admin\\ApiSGAgenda\\vendor\\laravel\\framework\\src\\Illuminate\\Foundation\\resources\\server.php(23): require_once('...')
#43 {main}
"} 
[2025-09-09 15:52:23] local.INFO: -- SiteController --  
[2025-09-09 15:52:23] local.INFO: array (
  'ownerCode' => 1,
  'urlName' => 'teste',
  'url' => 'http://localhost:9000/app.gkagenda/teste',
)  
[2025-09-09 15:52:23] local.INFO: O owner foi encontrado  
[2025-09-09 15:52:23] local.INFO: {"owner_code":1,"site_name":"teste","site_url":"http:\/\/localhost:9000\/app.gkagenda\/teste","created_at":"2025-09-09T15:52:23.000000Z","id":1}  
[2025-09-09 15:54:11] local.INFO: Login: gabikochem55@gmail.com, senha: Lego.0912  
[2025-09-09 15:54:12] local.INFO: As senhas são iguais  
[2025-09-09 15:54:12] local.INFO: 1  
[2025-09-09 15:54:12] local.INFO: Login: gabikochem55@gmail.com, senha: Lego.0912  
[2025-09-09 15:54:13] local.INFO: As senhas são iguais  
[2025-09-09 15:54:13] local.INFO: 1  
